{"name": "test_age_is_23", "status": "skipped", "statusDetails": {"message": "XFAIL Wait till age is 23\n\nAssertionError: Expected job to be '23', but got '22'\nassert '22' == '23'\n  \n  - 23\n  + 22", "trace": "@pytest.mark.xfail(reason=\"Wait till age is 23\")\n    def test_age_is_23():\n        \"\"\"\n        Test case to check if the age is 23\n        \"\"\"\n        # Опции запуска браузера\n        chrome_options = Options()\n        chrome_options.add_argument(\"start-maximized\")  # Открываем на полный экран\n        chrome_options.add_argument(\"--disable-infobars\")  # Отключаем инфо сообщения\n        chrome_options.add_argument(\"--disable-extensions\")  # Отключаем расширения\n        # chrome_options.add_argument(\"--headless\")  # Спец. режим \"без браузера\"\n    \n        # Устанавливаем путь к webdriver\n        service = Service()  # Укажите путь к chromedriver, если он не в PATH\n    \n        # Запускаем браузер с указанными настройками\n        driver = webdriver.Chrome(service=service, options=chrome_options)\n    \n        # Определяем путь к локальному HTML-файлу\n        html_file_path = 'file:///C:\\projects\\CV\\index.html'\n        driver.get(url=html_file_path)\n    \n        try:\n            # Проверяем наличие текста 'age : 23' на странице\n            job_element = driver.find_element(By.XPATH, \"//div[contains(@class, 'list') and contains(., 'age')]/span[3]\")\n>           assert job_element.text == '23', f\"Expected job to be '23', but got '{job_element.text}'\"\nE           AssertionError: Expected job to be '23', but got '22'\nE           assert '22' == '23'\nE             \nE             - 23\nE             + 22\n\ntests\\test_smoke.py:62: AssertionError"}, "description": "\n    Test case to check if the age is 23\n    ", "start": 1716723768246, "stop": 1716723773236, "uuid": "b182d5e1-9384-4afe-afd6-ea5674d6cacf", "historyId": "16eb5405d3e0617bad3cda10b0cf80c9", "testCaseId": "16eb5405d3e0617bad3cda10b0cf80c9", "fullName": "tests.test_smoke#test_age_is_23", "labels": [{"name": "tag", "value": "@pytest.mark.xfail(reason='Wait till age is 23')"}, {"name": "parentSuite", "value": "tests"}, {"name": "suite", "value": "test_smoke"}, {"name": "host", "value": "LAPTOP-4ULREHHU"}, {"name": "thread", "value": "6284-MainThread"}, {"name": "framework", "value": "pytest"}, {"name": "language", "value": "cpython3"}, {"name": "package", "value": "tests.test_smoke"}]}